
 ____        ____                                _ _ 
|  _ \ _   _/ ___| _   _ _ __   ___ _ __ ___ ___| | |
| |_) | | | \___ \| | | | '_ \ / _ \ '__/ __/ _ \ | |
|  __/| |_| |___) | |_| | |_) |  __/ | | (_|  __/ | |
|_|    \__, |____/ \__,_| .__/ \___|_|  \___\___|_|_|
       |___/            |_|                          

                                       version 0.0.30
               Copyright @ Shunhong Zhang 2023 - 2024

task = bending
The lattice changed upon bending
orignal lattice =   26.44888 Angs
bending lattice =   26.35578 Angs
shrinking ratio =    0.35200 %
height of sheet =    3.09522 Angs
length of sheet =   26.44915 Angs
bend amplitude  =    0.50000 Angs
film thickness  =    2.11513 Angs <- estimated

 ____        ____                                _ _ 
|  _ \ _   _/ ___| _   _ _ __   ___ _ __ ___ ___| | |
| |_) | | | \___ \| | | | '_ \ / _ \ '__/ __/ _ \ | |
|  __/| |_| |___) | |_| | |_) |  __/ | | (_|  __/ | |
|_|    \__, |____/ \__,_| .__/ \___|_|  \___\___|_|_|
       |___/            |_|                          

                                       version 0.0.30
               Copyright @ Shunhong Zhang 2023 - 2024

task = cmp

Comparing two crystal structures

Please make sure that all atoms are ordered in the same sequence!
Structure 1 from file POSCAR_flat
Structure 2 from file POSCAR_bending

============================================================
idx  st1  st2  dist (Ang)       dx       dy       dz 
------------------------------------------------------------
 1    P    P       0.2960   0.0000  -0.0891  -0.2823 
 2    P    P       0.4906   0.0000  -0.0017  -0.4906 
 3    P    P       0.4284   0.0000   0.0955  -0.4176 
 4    P    P       0.1943   0.0000   0.1638  -0.1044 
 5    P    P       0.3188   0.0000   0.1663   0.2720 
 6    P    P       0.4990   0.0000   0.0942   0.4900 
 7    P    P       0.4130   0.0000   0.0019   0.4130 
 8    P    P       0.0967   0.0000  -0.0353   0.0901 
 9    P    P       0.1570   0.0000  -0.1173  -0.1044 
 10   P    P       0.4205   0.0000  -0.0489  -0.4176 
 11   P    P       0.4930   0.0000   0.0482  -0.4906 
 12   P    P       0.3132   0.0000   0.1356  -0.2823 
 13   P    P       0.1967   0.0000   0.1749   0.0901 
 14   P    P       0.4353   0.0000   0.1377   0.4130 
 15   P    P       0.4921   0.0000   0.0454   0.4900 
 16   P    P       0.2733   0.0000  -0.0266   0.2720 
 17   P    P       0.2972   0.0000   0.1197  -0.2720 
 18   P    P       0.4924   0.0000   0.0477  -0.4900 
 19   P    P       0.4154   0.0000  -0.0446  -0.4130 
 20   P    P       0.1217   0.0000  -0.0818  -0.0901 
 21   P    P       0.2855   0.0000  -0.0425   0.2823 
 22   P    P       0.4927   0.0000   0.0449   0.4906 
 23   P    P       0.4411   0.0000   0.1420   0.4176 
 24   P    P       0.2349   0.0000   0.2104   0.1044 
 25   P    P       0.1568   0.0000   0.1284  -0.0901 
 26   P    P       0.4229   0.0000   0.0912  -0.4130 
 27   P    P       0.4900   0.0000  -0.0011  -0.4900 
 28   P    P       0.2816   0.0000  -0.0732  -0.2720 
 29   P    P       0.1261   0.0000  -0.0707   0.1044 
 30   P    P       0.4176   0.0000  -0.0024   0.4176 
 31   P    P       0.4997   0.0000   0.0948   0.4906 
 32   P    P       0.3360   0.0000   0.1822   0.2823 
============================================================
Total dist :      11.0295
Max   dist :       0.4997

