
 ____        ____                                _ _ 
|  _ \ _   _/ ___| _   _ _ __   ___ _ __ ___ ___| | |
| |_) | | | \___ \| | | | '_ \ / _ \ '__/ __/ _ \ | |
|  __/| |_| |___) | |_| | |_) |  __/ | | (_|  __/ | |
|_|    \__, |____/ \__,_| .__/ \___|_|  \___\___|_|_|
       |___/            |_|                          

                                       version 0.0.30
               Copyright @ Shunhong Zhang 2023 - 2024

Convert POSCAR into QE pwscf input

running the script home/zsh/anaconda3/envs/zsh_py3/bin/v2qe

Use "v2qe --verbose_notes=T" to see notes for usage.

VASP sutructure from POSCAR
connect matrix

 1.0000  0.0000  0.0000 
 0.0000  1.0000  0.0000 
 0.0000  0.0000  1.0000 


Lattice Parameters of standardized POSCAR:

----------------------------------------
Lattice Parameters
----------------------------------------

a            5.97758  Angs    
b            5.97758  Angs    
c           20.00000  Angs    
alpha       90.00000  deg     
beta        90.00000  deg     
gamma      120.00000  deg     

----------------------------------------
Lattice Parameters
----------------------------------------


------------------------------------------------------------
Sample input for PWscf(Quantum ESPRESSO),Start
------------------------------------------------------------

&CONTROL
calculation =  'vc-relax'
restart_mode =  'from_scratch'
outdir = './tmp/'
pseudo_dir =  '/home/zsh/pseudo/pbe'
prefix = 'pw'
tprnfor=.true.
tstress=.true.
etot_conv_thr=1.d-12
forc_conv_thr=1.d-8
/
&SYSTEM
ibrav=4
celldm(1) =      11.295996769902
celldm(3) =       3.345833330372
nat =   8
ntyp =  2
ecutwfc =  100
ecutrho =  500
occupations = 'smearing'
smearing ='gaussian'
degauss = 0.001
/
&ELECTRONS
conv_thr=1.d-8
/
&IONS
/
&CELL
cell_dofree='2Dxy'
press_conv_thr=1.d-1
/
ATOMIC_SPECIES
Cl   35.45300    Cl.pbe-mt_fhi.UPF
Ni   58.69340    Ni.pbe-mt_fhi.UPF
ATOMIC_POSITIONS crystal
Cl      0.00000000000000     0.36843220828573     0.43360736635857
Cl      0.00000000000000     0.63156779171427     0.56639263364143
Cl      0.63156779171427     0.63156779171427     0.43360736635857
Cl      0.36843220828573     0.36843220828573     0.56639263364143
Cl      0.36843220828573     0.00000000000000     0.43360736635857
Cl      0.63156779171427     0.00000000000000     0.56639263364143
Ni      0.33333333333333     0.66666666666667     0.50000000000000
Ni      0.66666666666667     0.33333333333333     0.50000000000000
K_POINTS automatic
 10  10   3  0 0 0

------------------------------------------------------------
Sample input for PWscf(Quantum ESPRESSO),End
------------------------------------------------------------

