
 ____        ____                                _ _ 
|  _ \ _   _/ ___| _   _ _ __   ___ _ __ ___ ___| | |
| |_) | | | \___ \| | | | '_ \ / _ \ '__/ __/ _ \ | |
|  __/| |_| |___) | |_| | |_) |  __/ | | (_|  __/ | |
|_|    \__, |____/ \__,_| .__/ \___|_|  \___\___|_|_|
       |___/            |_|                          

                                       version 0.0.30
               Copyright @ Shunhong Zhang 2023 - 2024

task = redefine
Supercell scale =   60.00000

------------------------------------------------------------
Redefine lattice
------------------------------------------------------------
Transformation matrix

  10.00000    0.00000    0.00000 
   0.00000    6.00000    0.00000 
   0.00000    0.00000    1.00000 


orientation=1: A along X, B in XY plane

--------------------------------------------------
Cell basis in Angs
--------------------------------------------------

  43.5519276267   0.0000000000   0.0000000000
   0.0000000000  36.9550360303   0.0000000000
   0.0000000000   0.0000000000   2.5144717139

--------------------------------------------------
Cell basis in Angs
--------------------------------------------------


----------------------------------------
Lattice Parameters
----------------------------------------

a           43.55193  Angs    
b           36.95504  Angs    
c            2.51447  Angs    
alpha       90.00000  deg     
beta        90.00000  deg     
gamma       90.00000  deg     

----------------------------------------
Lattice Parameters
----------------------------------------


 ____        ____                                _ _ 
|  _ \ _   _/ ___| _   _ _ __   ___ _ __ ___ ___| | |
| |_) | | | \___ \| | | | '_ \ / _ \ '__/ __/ _ \ | |
|  __/| |_| |___) | |_| | |_) |  __/ | | (_|  __/ | |
|_|    \__, |____/ \__,_| .__/ \___|_|  \___\___|_|_|
       |___/            |_|                          

                                       version 0.0.30
               Copyright @ Shunhong Zhang 2023 - 2024

task = screw_dislocation

Creating screw dislocation
Burgers vector  = [  0.0000,   0.0000,   2.5145]
Screw_center    = [  0.5000,   0.5000,   0.5000]
Glide plane     = [  1.0000,   0.0000,   0.0000]
screw direction = 2

